<?xml version="1.0" encoding="UTF-8"?>
<!-- Generated by org.testng.reporters.JUnitReportReporter -->
<testsuite skipped="0" hostname="LadZone-PC" name="testCases.TestCase_login" tests="1" failures="0" timestamp="2019-11-16T15:50:04 EST" time="7.881" errors="0">
  <testcase name="login" time="7.881" classname="testCases.TestCase_login"/>
</testsuite> <!-- testCases.TestCase_login -->
